12:05:11,043  INFO main CommandParser:getCommand:47 - Wrong command 
java.lang.IllegalArgumentException: No enum constant com.sysgears.filesplitter.command.CommandTypes.TEST
	at java.lang.Enum.valueOf(Enum.java:238)
	at com.sysgears.filesplitter.command.CommandTypes.valueOf(CommandTypes.java:6)
	at com.sysgears.filesplitter.command.CommandParser.getCommand(CommandParser.java:45)
	at com.sysgears.filesplitter.Main.main(Main.java:47)
12:05:11,049  INFO main Main:main:81 - wrong command entered
12:05:12,284  INFO main CommandParser:getCommand:47 - Wrong command 
java.lang.IllegalArgumentException: No enum constant com.sysgears.filesplitter.command.CommandTypes.START
	at java.lang.Enum.valueOf(Enum.java:238)
	at com.sysgears.filesplitter.command.CommandTypes.valueOf(CommandTypes.java:6)
	at com.sysgears.filesplitter.command.CommandParser.getCommand(CommandParser.java:45)
	at com.sysgears.filesplitter.Main.main(Main.java:47)
12:05:12,285  INFO main Main:main:81 - wrong command entered
12:05:15,142 DEBUG main CashedThreadPoolExecutor:doTaskList:29 - Start Pool with 9 tasks
12:05:15,142 DEBUG main CashedThreadPoolExecutor:doTaskList:29 - Start Pool with 9 tasks
12:05:15,172 DEBUG main CashedThreadPoolExecutor:doTaskList:46 - Shutdown Pool with 9 tasks
12:05:15,172 DEBUG main CashedThreadPoolExecutor:doTaskList:46 - Shutdown Pool with 9 tasks
12:05:39,428 DEBUG main CashedThreadPoolExecutor:doTaskList:29 - Start Pool with 9 tasks
12:05:39,428 DEBUG main CashedThreadPoolExecutor:doTaskList:29 - Start Pool with 9 tasks
12:05:39,445 DEBUG main CashedThreadPoolExecutor:doTaskList:46 - Shutdown Pool with 9 tasks
12:05:39,445 DEBUG main CashedThreadPoolExecutor:doTaskList:46 - Shutdown Pool with 9 tasks
12:06:00,095 DEBUG main CashedThreadPoolExecutor:doTaskList:29 - Start Pool with 9 tasks
12:06:00,095 DEBUG main CashedThreadPoolExecutor:doTaskList:29 - Start Pool with 9 tasks
12:06:00,109 DEBUG main CashedThreadPoolExecutor:doTaskList:46 - Shutdown Pool with 9 tasks
12:06:00,109 DEBUG main CashedThreadPoolExecutor:doTaskList:46 - Shutdown Pool with 9 tasks
12:06:13,414 DEBUG main CashedThreadPoolExecutor:doTaskList:29 - Start Pool with 9 tasks
12:06:13,414 DEBUG main CashedThreadPoolExecutor:doTaskList:29 - Start Pool with 9 tasks
12:06:13,423 DEBUG main CashedThreadPoolExecutor:doTaskList:46 - Shutdown Pool with 9 tasks
12:06:13,423 DEBUG main CashedThreadPoolExecutor:doTaskList:46 - Shutdown Pool with 9 tasks
12:26:24,137 DEBUG main CashedThreadPoolExecutor:doTaskList:29 - Start Pool with 9 tasks
12:26:24,137 DEBUG main CashedThreadPoolExecutor:doTaskList:29 - Start Pool with 9 tasks
12:26:24,145 DEBUG pool-1-thread-1 StreamDataCopying:call:62 - Start new Thread: Thread-1 sourceFile:/home/pavel/IdeaProjects/test/photo.jpgPart01 startPosInSource:0 size:21767
outputFile:/home/pavel/IdeaProjects/test/photo.jpg startPosInOutput:0
12:26:24,148 DEBUG pool-1-thread-2 StreamDataCopying:call:62 - Start new Thread: Thread-2 sourceFile:/home/pavel/IdeaProjects/test/photo.jpgPart02 startPosInSource:0 size:21767
outputFile:/home/pavel/IdeaProjects/test/photo.jpg startPosInOutput:21767
12:26:24,149 DEBUG pool-1-thread-4 StreamDataCopying:call:62 - Start new Thread: Thread-4 sourceFile:/home/pavel/IdeaProjects/test/photo.jpgPart04 startPosInSource:0 size:21767
outputFile:/home/pavel/IdeaProjects/test/photo.jpg startPosInOutput:65301
12:26:24,148 DEBUG pool-1-thread-3 StreamDataCopying:call:62 - Start new Thread: Thread-3 sourceFile:/home/pavel/IdeaProjects/test/photo.jpgPart03 startPosInSource:0 size:21767
outputFile:/home/pavel/IdeaProjects/test/photo.jpg startPosInOutput:43534
12:26:24,161 DEBUG pool-1-thread-6 StreamDataCopying:call:62 - Start new Thread: Thread-6 sourceFile:/home/pavel/IdeaProjects/test/photo.jpgPart06 startPosInSource:0 size:21767
outputFile:/home/pavel/IdeaProjects/test/photo.jpg startPosInOutput:108835
12:26:24,163 DEBUG pool-1-thread-7 StreamDataCopying:call:62 - Start new Thread: Thread-7 sourceFile:/home/pavel/IdeaProjects/test/photo.jpgPart07 startPosInSource:0 size:21767
outputFile:/home/pavel/IdeaProjects/test/photo.jpg startPosInOutput:130602
12:26:24,163 DEBUG pool-1-thread-5 StreamDataCopying:call:62 - Start new Thread: Thread-5 sourceFile:/home/pavel/IdeaProjects/test/photo.jpgPart05 startPosInSource:0 size:21767
outputFile:/home/pavel/IdeaProjects/test/photo.jpg startPosInOutput:87068
12:26:24,163 DEBUG pool-1-thread-8 StreamDataCopying:call:62 - Start new Thread: Thread-8 sourceFile:/home/pavel/IdeaProjects/test/photo.jpgPart08 startPosInSource:0 size:21767
outputFile:/home/pavel/IdeaProjects/test/photo.jpg startPosInOutput:152369
12:26:24,168 DEBUG pool-1-thread-9 StreamDataCopying:call:62 - Start new Thread: Thread-9 sourceFile:/home/pavel/IdeaProjects/test/photo.jpgPart09 startPosInSource:0 size:21763
outputFile:/home/pavel/IdeaProjects/test/photo.jpg startPosInOutput:174136
12:26:24,183 DEBUG main CashedThreadPoolExecutor:doTaskList:46 - Shutdown Pool with 9 tasks
12:26:24,183 DEBUG main CashedThreadPoolExecutor:doTaskList:46 - Shutdown Pool with 9 tasks
12:27:25,375 DEBUG main CashedThreadPoolExecutor:doTaskList:29 - Start Pool with 5 tasks
12:27:25,375 DEBUG main CashedThreadPoolExecutor:doTaskList:29 - Start Pool with 5 tasks
12:27:25,386 DEBUG pool-1-thread-3 StreamDataCopying:call:62 - Start new Thread: Thread-03 sourceFile:/home/pavel/IdeaProjects/test/photo.jpg startPosInSource:78360 size:39180
outputFile:/home/pavel/IdeaProjects/test/photo.jpgPart03 startPosInOutput:0
12:27:25,386 DEBUG pool-1-thread-2 StreamDataCopying:call:62 - Start new Thread: Thread-02 sourceFile:/home/pavel/IdeaProjects/test/photo.jpg startPosInSource:39180 size:39180
outputFile:/home/pavel/IdeaProjects/test/photo.jpgPart02 startPosInOutput:0
12:27:25,387 DEBUG pool-1-thread-4 StreamDataCopying:call:62 - Start new Thread: Thread-04 sourceFile:/home/pavel/IdeaProjects/test/photo.jpg startPosInSource:117540 size:39180
outputFile:/home/pavel/IdeaProjects/test/photo.jpgPart04 startPosInOutput:0
12:27:25,386 DEBUG pool-1-thread-1 StreamDataCopying:call:62 - Start new Thread: Thread-01 sourceFile:/home/pavel/IdeaProjects/test/photo.jpg startPosInSource:0 size:39180
outputFile:/home/pavel/IdeaProjects/test/photo.jpgPart01 startPosInOutput:0
12:27:25,398 DEBUG pool-1-thread-5 StreamDataCopying:call:62 - Start new Thread: Thread-05 sourceFile:/home/pavel/IdeaProjects/test/photo.jpg startPosInSource:156720 size:39180
outputFile:/home/pavel/IdeaProjects/test/photo.jpgPart05 startPosInOutput:0
12:27:25,414 DEBUG main CashedThreadPoolExecutor:doTaskList:46 - Shutdown Pool with 5 tasks
12:27:25,414 DEBUG main CashedThreadPoolExecutor:doTaskList:46 - Shutdown Pool with 5 tasks
